# JRE version: Java(TM) SE Runtime Environment (8.0_112-b15) (build 1.8.0_112-b15)
# Java VM: Java HotSpot(TM) 64-Bit Server VM (25.112-b15 mixed mode windows-amd64 compressed oops)
Heap:
 PSYoungGen      total 195584K, used 78647K [0x00000000d5c00000, 0x00000000f7f80000, 0x0000000100000000)
  eden space 110592K, 71% used [0x00000000d5c00000,0x00000000da8cdd88,0x00000000dc800000)
  from space 84992K, 0% used [0x00000000dc800000,0x00000000dc800000,0x00000000e1b00000)
  to   space 223744K, 0% used [0x00000000ea500000,0x00000000ea500000,0x00000000f7f80000)
 ParOldGen       total 1384448K, used 1384065K [0x0000000081400000, 0x00000000d5c00000, 0x00000000d5c00000)
  object space 1384448K, 99% used [0x0000000081400000,0x00000000d5ba0668,0x00000000d5c00000)
 Metaspace       used 14270K, capacity 14840K, committed 15104K, reserved 1062912K
  class space    used 1761K, capacity 1928K, committed 2048K, reserved 1048576K
GC Heap History (10 events):
Event: 240.215 GC heap before
{Heap before GC invocations=3225 (full 3198):
 PSYoungGen      total 195584K, used 110592K [0x00000000d5c00000, 0x00000000f7f80000, 0x0000000100000000)
  eden space 110592K, 100% used [0x00000000d5c00000,0x00000000dc800000,0x00000000dc800000)
  from space 84992K, 0% used [0x00000000dc800000,0x00000000dc800000,0x00000000e1b00000)
  to   space 223744K, 0% used [0x00000000ea500000,0x00000000ea500000,0x00000000f7f80000)
 ParOldGen       total 1384448K, used 1384065K [0x0000000081400000, 0x00000000d5c00000, 0x00000000d5c00000)
  object space 1384448K, 99% used [0x0000000081400000,0x00000000d5ba0658,0x00000000d5c00000)
 Metaspace       used 14270K, capacity 14840K, committed 15104K, reserved 1062912K
  class space    used 1761K, capacity 1928K, committed 2048K, reserved 1048576K
Event: 240.242 GC heap after
Heap after GC invocations=3225 (full 3198):
 PSYoungGen      total 195584K, used 110475K [0x00000000d5c00000, 0x00000000f7f80000, 0x0000000100000000)
  eden space 110592K, 99% used [0x00000000d5c00000,0x00000000dc7e2d50,0x00000000dc800000)
  from space 84992K, 0% used [0x00000000dc800000,0x00000000dc800000,0x00000000e1b00000)
  to   space 223744K, 0% used [0x00000000ea500000,0x00000000ea500000,0x00000000f7f80000)
 ParOldGen       total 1384448K, used 1384065K [0x0000000081400000, 0x00000000d5c00000, 0x00000000d5c00000)
  object space 1384448K, 99% used [0x0000000081400000,0x00000000d5ba0658,0x00000000d5c00000)
 Metaspace       used 14270K, capacity 14840K, committed 15104K, reserved 1062912K
  class space    used 1761K, capacity 1928K, committed 2048K, reserved 1048576K
}
Event: 240.243 GC heap before
{Heap before GC invocations=3226 (full 3199):
 PSYoungGen      total 195584K, used 110592K [0x00000000d5c00000, 0x00000000f7f80000, 0x0000000100000000)
  eden space 110592K, 100% used [0x00000000d5c00000,0x00000000dc800000,0x00000000dc800000)
  from space 84992K, 0% used [0x00000000dc800000,0x00000000dc800000,0x00000000e1b00000)
  to   space 223744K, 0% used [0x00000000ea500000,0x00000000ea500000,0x00000000f7f80000)
 ParOldGen       total 1384448K, used 1384065K [0x0000000081400000, 0x00000000d5c00000, 0x00000000d5c00000)
  object space 1384448K, 99% used [0x0000000081400000,0x00000000d5ba0668,0x00000000d5c00000)
 Metaspace       used 14270K, capacity 14840K, committed 15104K, reserved 1062912K
  class space    used 1761K, capacity 1928K, committed 2048K, reserved 1048576K
Event: 240.272 GC heap after
Heap after GC invocations=3226 (full 3199):
 PSYoungGen      total 195584K, used 110545K [0x00000000d5c00000, 0x00000000f7f80000, 0x0000000100000000)
  eden space 110592K, 99% used [0x00000000d5c00000,0x00000000dc7f47f8,0x00000000dc800000)
  from space 84992K, 0% used [0x00000000dc800000,0x00000000dc800000,0x00000000e1b00000)
  to   space 223744K, 0% used [0x00000000ea500000,0x00000000ea500000,0x00000000f7f80000)
 ParOldGen       total 1384448K, used 1384065K [0x0000000081400000, 0x00000000d5c00000, 0x00000000d5c00000)
  object space 1384448K, 99% used [0x0000000081400000,0x00000000d5ba0668,0x00000000d5c00000)
 Metaspace       used 14270K, capacity 14840K, committed 15104K, reserved 1062912K
  class space    used 1761K, capacity 1928K, committed 2048K, reserved 1048576K
}
Event: 240.274 GC heap before
{Heap before GC invocations=3227 (full 3200):
 PSYoungGen      total 195584K, used 110592K [0x00000000d5c00000, 0x00000000f7f80000, 0x0000000100000000)
  eden space 110592K, 100% used [0x00000000d5c00000,0x00000000dc800000,0x00000000dc800000)
  from space 84992K, 0% used [0x00000000dc800000,0x00000000dc800000,0x00000000e1b00000)
  to   space 223744K, 0% used [0x00000000ea500000,0x00000000ea500000,0x00000000f7f80000)
 ParOldGen       total 1384448K, used 1384370K [0x0000000081400000, 0x00000000d5c00000, 0x00000000d5c00000)
  object space 1384448K, 99% used [0x0000000081400000,0x00000000d5becb40,0x00000000d5c00000)
 Metaspace       used 14270K, capacity 14840K, committed 15104K, reserved 1062912K
  class space    used 1761K, capacity 1928K, committed 2048K, reserved 1048576K
Event: 240.306 GC heap after
Heap after GC invocations=3227 (full 3200):
 PSYoungGen      total 195584K, used 110478K [0x00000000d5c00000, 0x00000000f7f80000, 0x0000000100000000)
  eden space 110592K, 99% used [0x00000000d5c00000,0x00000000dc7e3820,0x00000000dc800000)
  from space 84992K, 0% used [0x00000000dc800000,0x00000000dc800000,0x00000000e1b00000)
  to   space 223744K, 0% used [0x00000000ea500000,0x00000000ea500000,0x00000000f7f80000)
 ParOldGen       total 1384448K, used 1384370K [0x0000000081400000, 0x00000000d5c00000, 0x00000000d5c00000)
  object space 1384448K, 99% used [0x0000000081400000,0x00000000d5becb40,0x00000000d5c00000)
 Metaspace       used 14270K, capacity 14840K, committed 15104K, reserved 1062912K
  class space    used 1761K, capacity 1928K, committed 2048K, reserved 1048576K
}
Event: 240.306 GC heap before
{Heap before GC invocations=3228 (full 3201):
 PSYoungGen      total 195584K, used 110478K [0x00000000d5c00000, 0x00000000f7f80000, 0x0000000100000000)
  eden space 110592K, 99% used [0x00000000d5c00000,0x00000000dc7e3820,0x00000000dc800000)
  from space 84992K, 0% used [0x00000000dc800000,0x00000000dc800000,0x00000000e1b00000)
  to   space 223744K, 0% used [0x00000000ea500000,0x00000000ea500000,0x00000000f7f80000)
 ParOldGen       total 1384448K, used 1384370K [0x0000000081400000, 0x00000000d5c00000, 0x00000000d5c00000)
  object space 1384448K, 99% used [0x0000000081400000,0x00000000d5becb40,0x00000000d5c00000)
 Metaspace       used 14270K, capacity 14840K, committed 15104K, reserved 1062912K
  class space    used 1761K, capacity 1928K, committed 2048K, reserved 1048576K
Event: 240.335 GC heap after
Heap after GC invocations=3228 (full 3201):
 PSYoungGen      total 195584K, used 110478K [0x00000000d5c00000, 0x00000000f7f80000, 0x0000000100000000)
  eden space 110592K, 99% used [0x00000000d5c00000,0x00000000dc7e3820,0x00000000dc800000)
  from space 84992K, 0% used [0x00000000dc800000,0x00000000dc800000,0x00000000e1b00000)
  to   space 223744K, 0% used [0x00000000ea500000,0x00000000ea500000,0x00000000f7f80000)
 ParOldGen       total 1384448K, used 1384370K [0x0000000081400000, 0x00000000d5c00000, 0x00000000d5c00000)
  object space 1384448K, 99% used [0x0000000081400000,0x00000000d5becb40,0x00000000d5c00000)
 Metaspace       used 14270K, capacity 14840K, committed 15104K, reserved 1062912K
  class space    used 1761K, capacity 1928K, committed 2048K, reserved 1048576K
}
Event: 240.336 GC heap before
{Heap before GC invocations=3229 (full 3202):
 PSYoungGen      total 195584K, used 110592K [0x00000000d5c00000, 0x00000000f7f80000, 0x0000000100000000)
  eden space 110592K, 100% used [0x00000000d5c00000,0x00000000dc800000,0x00000000dc800000)
  from space 84992K, 0% used [0x00000000dc800000,0x00000000dc800000,0x00000000e1b00000)
  to   space 223744K, 0% used [0x00000000ea500000,0x00000000ea500000,0x00000000f7f80000)
 ParOldGen       total 1384448K, used 1384378K [0x0000000081400000, 0x00000000d5c00000, 0x00000000d5c00000)
  object space 1384448K, 99% used [0x0000000081400000,0x00000000d5beeb50,0x00000000d5c00000)
 Metaspace       used 14270K, capacity 14840K, committed 15104K, reserved 1062912K
  class space    used 1761K, capacity 1928K, committed 2048K, reserved 1048576K
Event: 240.365 GC heap after
Heap after GC invocations=3229 (full 3202):
 PSYoungGen      total 195584K, used 72416K [0x00000000d5c00000, 0x00000000f7f80000, 0x0000000100000000)
  eden space 110592K, 65% used [0x00000000d5c00000,0x00000000da2b8140,0x00000000dc800000)
  from space 84992K, 0% used [0x00000000dc800000,0x00000000dc800000,0x00000000e1b00000)
  to   space 223744K, 0% used [0x00000000ea500000,0x00000000ea500000,0x00000000f7f80000)
 ParOldGen       total 1384448K, used 1384065K [0x0000000081400000, 0x00000000d5c00000, 0x00000000d5c00000)
  object space 1384448K, 99% used [0x0000000081400000,0x00000000d5ba0668,0x00000000d5c00000)
 Metaspace       used 14270K, capacity 14840K, committed 15104K, reserved 1062912K
  class space    used 1761K, capacity 1928K, committed 2048K, reserved 1048576K
}

